0 info it worked if it ends with ok
1 verbose cli [ '/home/iliyan/.nvm/v0.10.32/bin/node',
1 verbose cli   '/home/iliyan/.nvm/v0.10.32/bin/npm',
1 verbose cli   'install',
1 verbose cli   'async',
1 verbose cli   '--save' ]
2 info using npm@1.4.28
3 info using node@v0.10.32
4 error Failed to parse json
4 error Unexpected token }
5 error File: /home/iliyan/www/spendings/package.json
6 error Failed to parse package.json data.
6 error package.json must be actual JSON, not just JavaScript.
6 error
6 error This is not a bug in npm.
6 error Tell the package author to fix their package.json file. JSON.parse
7 error System Linux 3.2.0-63-generic
8 error command "/home/iliyan/.nvm/v0.10.32/bin/node" "/home/iliyan/.nvm/v0.10.32/bin/npm" "install" "async" "--save"
9 error cwd /home/iliyan/www/spendings
10 error node -v v0.10.32
11 error npm -v 1.4.28
12 error file /home/iliyan/www/spendings/package.json
13 error code EJSONPARSE
14 verbose exit [ 1, true ]
